<?xml version="1.0" encoding="UTF-8"?>
<!-- Generated by org.testng.reporters.JUnitReportReporter -->
<testsuite hostname="DESKTOP-P6IOR2C" failures="0" tests="1" name="com.tests.LoginTest" time="0.922" errors="0" timestamp="2025-09-14T02:10:32 CEST" skipped="0">
  <testcase classname="com.tests.LoginTest" name="failedLoginTest" time="0.922"/>
</testsuite> <!-- com.tests.LoginTest -->
